0 info it worked if it ends with ok
1 verbose cli [ '/usr/libexec/openshift/cartridges/c9-0.1/root/bin/node-openshift-v10',
1 verbose cli   '/usr/libexec/openshift/cartridges/c9-0.1/root/lib/node_modules/npm/bin/npm-cli.js',
1 verbose cli   'link' ]
2 info using npm@1.3.8
3 info using node@v0.10.18
4 verbose linkPkg /var/lib/stickshift/52413f18e0b8cdf7be0000d8/app-root/data/358502
5 error Error: ENOENT, open '/var/lib/stickshift/52413f18e0b8cdf7be0000d8/app-root/data/358502/package.json'
6 error If you need help, you may report this log at:
6 error     <http://github.com/isaacs/npm/issues>
6 error or email it to:
6 error     <npm-@googlegroups.com>
7 error System Linux 2.6.32-358.23.2.el6.x86_64
8 error command "/usr/libexec/openshift/cartridges/c9-0.1/root/bin/node-openshift-v10" "/usr/libexec/openshift/cartridges/c9-0.1/root/lib/node_modules/npm/bin/npm-cli.js" "link"
9 error cwd /var/lib/stickshift/52413f18e0b8cdf7be0000d8/app-root/data/358502/licenses
10 error node -v v0.10.18
11 error npm -v 1.3.8
12 error path /var/lib/stickshift/52413f18e0b8cdf7be0000d8/app-root/data/358502/package.json
13 error code ENOENT
14 error errno 34
15 verbose exit [ 34, true ]
